<?xml version="1.0" encoding="UTF-8"?>
<!-- Generated by org.testng.reporters.JUnitReportReporter -->
<testsuite skipped="0" hostname="HipsterCentralComp" name="test.Day4" tests="3" failures="0" timestamp="05 Aug 2019 03:01:32 GMT" time="0.033" errors="0">
  <testcase name="LoginAPIHomeLoan" time="0.011" classname="test.Day4"/>
  <testcase name="MobileLoginHome" time="0.005" classname="test.Day4"/>
  <testcase name="WebloginHomeLoan" time="0.017" classname="test.Day4"/>
</testsuite> <!-- test.Day4 -->
