<?xml version="1.0" encoding="UTF-8"?>
<!-- Generated by org.testng.reporters.JUnitReportReporter -->
<testsuite skipped="0" hostname="HipsterCentralComp" name="test.Day2" tests="1" failures="0" timestamp="05 Aug 2019 03:01:31 GMT" time="0.021" errors="0">
  <testcase name="Plain" time="0.021" classname="test.Day2"/>
</testsuite> <!-- test.Day2 -->
