<?xml version="1.0" encoding="UTF-8"?>
<!-- Generated by org.testng.reporters.JUnitReportReporter -->
<testsuite skipped="0" hostname="HipsterCentralComp" name="test.Day3" tests="6" failures="0" timestamp="05 Aug 2019 03:01:31 GMT" time="0.069" errors="0">
  <testcase name="MobileCarSignin" time="0.004" classname="test.Day3"/>
  <testcase name="MobileCarLogout" time="0.026" classname="test.Day3"/>
  <testcase name="MobileCarLogout" time="0.008" classname="test.Day3"/>
  <testcase name="WebloginCarLogin" time="0.008" classname="test.Day3"/>
  <testcase name="MobileCarLogin" time="0.016" classname="test.Day3"/>
  <testcase name="MobileCarLogout" time="0.007" classname="test.Day3"/>
</testsuite> <!-- test.Day3 -->
